<?xml version="1.0" encoding="UTF-8"?>
<testng-results skipped="0" failed="1" ignored="0" total="1" passed="0">
  <reporter-output>
  </reporter-output>
  <suite name="Default suite" duration-ms="31977" started-at="2020-05-31T12:56:03Z" finished-at="2020-05-31T12:56:35Z">
    <groups>
    </groups>
    <test name="Default test" duration-ms="31977" started-at="2020-05-31T12:56:03Z" finished-at="2020-05-31T12:56:35Z">
      <class name="com.w2a.testcases.LoginTest">
        <test-method status="PASS" signature="browserCongfiguration()[pri:0, instance:com.w2a.testcases.LoginTest@204f30ec]" name="browserCongfiguration" is-config="true" duration-ms="24135" started-at="2020-05-31T18:26:03Z" finished-at="2020-05-31T18:26:27Z">
          <reporter-output>
          </reporter-output>
        </test-method> <!-- browserCongfiguration -->
        <test-method status="FAIL" signature="loginTest()[pri:0, instance:com.w2a.testcases.LoginTest@204f30ec]" name="loginTest" duration-ms="4306" started-at="2020-05-31T18:26:27Z" finished-at="2020-05-31T18:26:31Z">
          <exception class="java.lang.NullPointerException">
            <full-stacktrace>
              <![CDATA[java.lang.NullPointerException
	at com.w2a.base.Page.click(Page.java:93)
	at com.w2a.pages.actions.LoginPage.login(LoginPage.java:32)
	at com.w2a.testcases.LoginTest.loginTest(LoginTest.java:22)
	at sun.reflect.NativeMethodAccessorImpl.invoke0(Native Method)
	at sun.reflect.NativeMethodAccessorImpl.invoke(Unknown Source)
	at sun.reflect.DelegatingMethodAccessorImpl.invoke(Unknown Source)
	at java.lang.reflect.Method.invoke(Unknown Source)
	at org.testng.internal.MethodInvocationHelper.invokeMethod(MethodInvocationHelper.java:108)
	at org.testng.internal.Invoker.invokeMethod(Invoker.java:661)
	at org.testng.internal.Invoker.invokeTestMethod(Invoker.java:869)
	at org.testng.internal.Invoker.invokeTestMethods(Invoker.java:1193)
	at org.testng.internal.TestMethodWorker.invokeTestMethods(TestMethodWorker.java:126)
	at org.testng.internal.TestMethodWorker.run(TestMethodWorker.java:109)
	at org.testng.TestRunner.privateRun(TestRunner.java:744)
	at org.testng.TestRunner.run(TestRunner.java:602)
	at org.testng.SuiteRunner.runTest(SuiteRunner.java:380)
	at org.testng.SuiteRunner.runSequentially(SuiteRunner.java:375)
	at org.testng.SuiteRunner.privateRun(SuiteRunner.java:340)
	at org.testng.SuiteRunner.run(SuiteRunner.java:289)
	at org.testng.SuiteRunnerWorker.runSuite(SuiteRunnerWorker.java:52)
	at org.testng.SuiteRunnerWorker.run(SuiteRunnerWorker.java:86)
	at org.testng.TestNG.runSuitesSequentially(TestNG.java:1301)
	at org.testng.TestNG.runSuitesLocally(TestNG.java:1226)
	at org.testng.TestNG.runSuites(TestNG.java:1144)
	at org.testng.TestNG.run(TestNG.java:1115)
	at org.testng.remote.AbstractRemoteTestNG.run(AbstractRemoteTestNG.java:114)
	at org.testng.remote.RemoteTestNG.initAndRun(RemoteTestNG.java:251)
	at org.testng.remote.RemoteTestNG.main(RemoteTestNG.java:77)
]]>
            </full-stacktrace>
          </exception> <!-- java.lang.NullPointerException -->
          <reporter-output>
          </reporter-output>
        </test-method> <!-- loginTest -->
        <test-method status="PASS" signature="tearDown()[pri:0, instance:com.w2a.testcases.LoginTest@204f30ec]" name="tearDown" is-config="true" duration-ms="2914" started-at="2020-05-31T18:26:32Z" finished-at="2020-05-31T18:26:35Z">
          <reporter-output>
          </reporter-output>
        </test-method> <!-- tearDown -->
      </class> <!-- com.w2a.testcases.LoginTest -->
    </test> <!-- Default test -->
  </suite> <!-- Default suite -->
</testng-results>
